TN:
SF:src/persistence/AgentPersistenceManager.ts
FN:34,(anonymous_10)
FN:51,(anonymous_11)
FN:86,(anonymous_12)
FN:116,(anonymous_13)
FN:200,(anonymous_14)
FN:224,(anonymous_15)
FN:277,(anonymous_16)
FN:328,(anonymous_17)
FN:363,(anonymous_18)
FN:386,(anonymous_19)
FN:404,(anonymous_20)
FN:418,(anonymous_21)
FN:426,(anonymous_22)
FN:472,(anonymous_23)
FN:503,(anonymous_24)
FN:524,(anonymous_25)
FN:534,(anonymous_26)
FN:540,(anonymous_27)
FN:550,(anonymous_28)
FN:556,(anonymous_29)
FN:578,(anonymous_30)
FNF:21
FNH:21
FNDA:53,(anonymous_10)
FNDA:53,(anonymous_11)
FNDA:53,(anonymous_12)
FNDA:52,(anonymous_13)
FNDA:52,(anonymous_14)
FNDA:179,(anonymous_15)
FNDA:22,(anonymous_16)
FNDA:2,(anonymous_17)
FNDA:58,(anonymous_18)
FNDA:7,(anonymous_19)
FNDA:59,(anonymous_20)
FNDA:2,(anonymous_21)
FNDA:2,(anonymous_22)
FNDA:5,(anonymous_23)
FNDA:77,(anonymous_24)
FNDA:5,(anonymous_25)
FNDA:25,(anonymous_26)
FNDA:2,(anonymous_27)
FNDA:14,(anonymous_28)
FNDA:2,(anonymous_29)
FNDA:54,(anonymous_30)
DA:12,4
DA:13,4
DA:14,4
DA:15,4
DA:26,4
DA:27,53
DA:28,53
DA:29,53
DA:30,53
DA:31,53
DA:32,53
DA:35,53
DA:36,53
DA:52,53
DA:54,53
DA:55,53
DA:56,0
DA:60,53
DA:66,53
DA:69,52
DA:72,52
DA:74,52
DA:75,52
DA:78,1
DA:79,1
DA:87,53
DA:90,53
DA:93,52
DA:96,52
DA:99,52
DA:102,52
DA:105,52
DA:108,52
DA:110,52
DA:117,52
DA:119,52
DA:190,52
DA:191,260
DA:194,52
DA:201,52
DA:203,52
DA:213,52
DA:214,364
DA:217,52
DA:225,179
DA:226,1
DA:229,178
DA:231,178
DA:232,178
DA:240,178
DA:257,173
DA:260,173
DA:261,0
DA:264,173
DA:267,5
DA:268,5
DA:269,5
DA:278,22
DA:279,0
DA:282,22
DA:284,22
DA:285,22
DA:289,22
DA:291,22
DA:294,22
DA:295,0
DA:298,22
DA:300,21
DA:318,0
DA:319,0
DA:320,0
DA:329,2
DA:330,0
DA:333,2
DA:335,2
DA:336,2
DA:340,2
DA:342,2
DA:343,0
DA:346,2
DA:349,2
DA:350,0
DA:354,0
DA:355,0
DA:356,0
DA:364,58
DA:365,0
DA:368,58
DA:373,58
DA:387,7
DA:388,0
DA:391,7
DA:392,7
DA:394,7
DA:395,5
DA:396,5
DA:399,7
DA:401,7
DA:402,7
DA:404,59
DA:419,2
DA:420,0
DA:423,2
DA:425,2
DA:426,2
DA:427,2
DA:435,2
DA:436,70
DA:455,2
DA:457,2
DA:458,2
DA:460,2
DA:463,0
DA:464,0
DA:465,0
DA:473,5
DA:474,0
DA:477,5
DA:478,5
DA:480,5
DA:481,3
DA:483,3
DA:484,2
DA:485,2
DA:488,3
DA:489,2
DA:490,2
DA:493,3
DA:494,3
DA:498,5
DA:500,5
DA:501,5
DA:503,77
DA:525,5
DA:526,0
DA:529,5
DA:533,5
DA:534,25
DA:541,2
DA:542,0
DA:545,2
DA:549,2
DA:550,14
DA:557,2
DA:558,0
DA:561,2
DA:564,2
DA:565,0
DA:566,2
DA:567,2
DA:568,0
DA:569,0
DA:572,0
DA:579,54
DA:580,52
DA:581,52
DA:583,54
DA:584,54
LF:158
LH:131
BRDA:34,0,0,0
BRDA:55,1,0,0
BRDA:55,1,1,53
BRDA:62,2,0,0
BRDA:62,2,1,53
BRDA:87,3,0,0
BRDA:87,3,1,53
BRDA:117,4,0,0
BRDA:117,4,1,52
BRDA:201,5,0,0
BRDA:201,5,1,52
BRDA:225,6,0,1
BRDA:225,6,1,178
BRDA:225,7,0,179
BRDA:225,7,1,178
BRDA:246,8,0,178
BRDA:246,8,1,176
BRDA:247,9,0,178
BRDA:247,9,1,176
BRDA:250,10,0,178
BRDA:250,10,1,166
BRDA:251,11,0,178
BRDA:251,11,1,178
BRDA:253,12,0,178
BRDA:253,12,1,176
BRDA:254,13,0,178
BRDA:254,13,1,176
BRDA:260,14,0,0
BRDA:260,14,1,173
BRDA:278,15,0,0
BRDA:278,15,1,22
BRDA:278,16,0,22
BRDA:278,16,1,22
BRDA:294,17,0,0
BRDA:294,17,1,22
BRDA:298,18,0,1
BRDA:298,18,1,21
BRDA:329,19,0,0
BRDA:329,19,1,2
BRDA:329,20,0,2
BRDA:329,20,1,2
BRDA:342,21,0,0
BRDA:342,21,1,2
BRDA:349,22,0,0
BRDA:349,22,1,2
BRDA:364,23,0,0
BRDA:364,23,1,58
BRDA:364,24,0,58
BRDA:364,24,1,58
BRDA:379,25,0,58
BRDA:379,25,1,1
BRDA:387,26,0,0
BRDA:387,26,1,7
BRDA:387,27,0,7
BRDA:387,27,1,7
BRDA:394,28,0,5
BRDA:394,28,1,2
BRDA:411,29,0,59
BRDA:411,29,1,0
BRDA:419,30,0,0
BRDA:419,30,1,2
BRDA:419,31,0,2
BRDA:419,31,1,2
BRDA:442,32,0,70
BRDA:442,32,1,70
BRDA:443,33,0,70
BRDA:443,33,1,70
BRDA:446,34,0,70
BRDA:446,34,1,70
BRDA:447,35,0,70
BRDA:447,35,1,70
BRDA:449,36,0,70
BRDA:449,36,1,70
BRDA:450,37,0,70
BRDA:450,37,1,70
BRDA:473,38,0,0
BRDA:473,38,1,5
BRDA:473,39,0,5
BRDA:473,39,1,5
BRDA:480,40,0,3
BRDA:480,40,1,2
BRDA:483,41,0,2
BRDA:483,41,1,1
BRDA:488,42,0,2
BRDA:488,42,1,1
BRDA:493,43,0,3
BRDA:493,43,1,0
BRDA:525,44,0,0
BRDA:525,44,1,5
BRDA:525,45,0,5
BRDA:525,45,1,5
BRDA:541,46,0,0
BRDA:541,46,1,2
BRDA:541,47,0,2
BRDA:541,47,1,2
BRDA:557,48,0,0
BRDA:557,48,1,2
BRDA:557,49,0,2
BRDA:557,49,1,2
BRDA:564,50,0,0
BRDA:564,50,1,2
BRDA:566,51,0,2
BRDA:566,51,1,0
BRDA:566,52,0,2
BRDA:566,52,1,2
BRDA:566,52,2,2
BRDA:568,53,0,0
BRDA:568,53,1,0
BRDA:568,54,0,0
BRDA:568,54,1,0
BRDA:579,55,0,52
BRDA:579,55,1,2
BRF:112
BRH:85
end_of_record
TN:
SF:src/persistence/NeuralWeightStorage.ts
FN:42,(anonymous_9)
FN:50,(anonymous_10)
FN:98,(anonymous_11)
FN:113,(anonymous_12)
FN:150,(anonymous_13)
FN:206,(anonymous_14)
FN:231,(anonymous_15)
FN:256,(anonymous_16)
FN:267,(anonymous_17)
FN:299,(anonymous_18)
FN:319,(anonymous_19)
FN:334,(anonymous_20)
FNF:12
FNH:7
FNDA:14,(anonymous_9)
FNDA:6,(anonymous_10)
FNDA:0,(anonymous_11)
FNDA:0,(anonymous_12)
FNDA:3,(anonymous_13)
FNDA:0,(anonymous_14)
FNDA:0,(anonymous_15)
FNDA:3,(anonymous_16)
FNDA:3,(anonymous_17)
FNDA:0,(anonymous_18)
FNDA:3,(anonymous_19)
FNDA:1,(anonymous_20)
DA:12,1
DA:13,1
DA:14,1
DA:36,1
DA:37,14
DA:38,14
DA:39,14
DA:40,14
DA:43,14
DA:56,6
DA:58,6
DA:59,6
DA:60,2
DA:63,3
DA:64,1
DA:68,2
DA:69,3
DA:76,3
DA:79,2
DA:81,2
DA:82,0
DA:85,2
DA:88,4
DA:89,4
DA:90,4
DA:99,0
DA:101,0
DA:103,0
DA:105,0
DA:106,0
DA:109,0
DA:110,0
DA:113,0
DA:115,0
DA:116,0
DA:117,0
DA:118,0
DA:123,0
DA:124,0
DA:126,0
DA:127,0
DA:130,0
DA:132,0
DA:133,0
DA:136,0
DA:138,0
DA:141,0
DA:142,0
DA:143,0
DA:154,3
DA:156,3
DA:158,3
DA:159,3
DA:161,3
DA:165,3
DA:168,3
DA:169,0
DA:170,0
DA:171,0
DA:173,3
DA:174,3
DA:177,3
DA:178,3
DA:181,3
DA:183,3
DA:185,3
DA:187,3
DA:198,0
DA:199,0
DA:207,0
DA:210,0
DA:211,0
DA:213,0
DA:217,0
DA:223,0
DA:224,0
DA:232,0
DA:235,0
DA:236,0
DA:238,0
DA:242,0
DA:248,0
DA:249,0
DA:257,3
DA:258,3
DA:259,3
DA:260,3
DA:275,3
DA:287,3
DA:290,0
DA:291,0
DA:303,0
DA:307,0
DA:308,0
DA:311,0
DA:312,0
DA:324,3
DA:339,1
DA:340,1
DA:342,1
DA:343,1
DA:345,1
DA:346,1
DA:349,1
LF:104
LH:53
BRDA:59,0,0,2
BRDA:59,0,1,3
BRDA:63,1,0,1
BRDA:63,1,1,2
BRDA:81,2,0,0
BRDA:81,2,1,2
BRDA:105,3,0,0
BRDA:105,3,1,0
BRDA:115,4,0,0
BRDA:115,4,1,0
BRDA:117,5,0,0
BRDA:117,5,1,0
BRDA:132,6,0,0
BRDA:132,6,1,0
BRDA:168,7,0,0
BRDA:168,7,1,3
BRDA:168,8,0,3
BRDA:168,8,1,0
BRDA:210,9,0,0
BRDA:210,9,1,0
BRDA:235,10,0,0
BRDA:235,10,1,0
BRDA:339,11,0,1
BRDA:339,11,1,0
BRDA:342,12,0,1
BRDA:342,12,1,0
BRDA:345,13,0,1
BRDA:345,13,1,0
BRF:28
BRH:10
end_of_record
